Determining if the function IceConnectionNumber exists in the ICE failed with the following output:
Change Dir: /Users/ushizawa/data/H_line_com/AcceptanceCalc_v10.5/build/CMakeFiles/CMakeTmp

Run Build Command(s):/usr/local/bin/ninja cmTC_f822e && [1/2] Building C object CMakeFiles/cmTC_f822e.dir/CheckFunctionExists.c.o
[2/2] Linking C executable cmTC_f822e
FAILED: cmTC_f822e 
: && /usr/bin/clang -m64 -pipe -fsigned-char -fno-common -Qunused-arguments -pthread -DCHECK_FUNCTION_EXISTS=IceConnectionNumber -isysroot /Applications/Xcode.app/Contents/Developer/Platforms/MacOSX.platform/Developer/SDKs/MacOSX12.1.sdk -Wl,-search_paths_first -Wl,-headerpad_max_install_names -L/usr/local/opt/openssl@3/lib -L/usr/local/opt/icu4c/lib -L/usr/local/opt/libxml2/lib -L/usr/local/opt/openblas/lib -L/usr/local/opt/qt@5/lib -L/usr/local/opt/libffi/lib CMakeFiles/cmTC_f822e.dir/CheckFunctionExists.c.o -o cmTC_f822e -L/usr/local/lib -Wl,-rpath,/usr/local/lib  -lICE && :
ld: library not found for -lICE
clang: error: linker command failed with exit code 1 (use -v to see invocation)
ninja: build stopped: subcommand failed.



Compiling the C compiler identification source file "CMakeCCompilerId.c" failed.
Compiler: /Applications/Xcode.app/Contents/Developer/Toolchains/XcodeDefault.xctoolchain/usr/bin/cc 
Build flags: 
Id flags:  

The output was:
1
ld: library not found for -lSystem
clang: error: linker command failed with exit code 1 (use -v to see invocation)


Compiling the CXX compiler identification source file "CMakeCXXCompilerId.cpp" failed.
Compiler: /Applications/Xcode.app/Contents/Developer/Toolchains/XcodeDefault.xctoolchain/usr/bin/c++ 
Build flags: 
Id flags:  

The output was:
1
ld: library not found for -lc++
clang: error: linker command failed with exit code 1 (use -v to see invocation)


Determining if the function IceConnectionNumber exists in the ICE failed with the following output:
Change Dir: /Users/ushizawa/data/H_line_com/AcceptanceCalc_v10.5/build/CMakeFiles/CMakeTmp

Run Build Command(s):/usr/local/bin/ninja cmTC_6f516 && [1/2] Building C object CMakeFiles/cmTC_6f516.dir/CheckFunctionExists.c.o
[2/2] Linking C executable cmTC_6f516
FAILED: cmTC_6f516 
: && /Applications/Xcode.app/Contents/Developer/Toolchains/XcodeDefault.xctoolchain/usr/bin/cc -m64 -pipe -fsigned-char -fno-common -Qunused-arguments -pthread -DCHECK_FUNCTION_EXISTS=IceConnectionNumber -isysroot /Applications/Xcode.app/Contents/Developer/Platforms/MacOSX.platform/Developer/SDKs/MacOSX12.1.sdk -Wl,-search_paths_first -Wl,-headerpad_max_install_names -L/usr/local/opt/openssl@3/lib -L/usr/local/opt/icu4c/lib -L/usr/local/opt/libxml2/lib -L/usr/local/opt/openblas/lib -L/usr/local/opt/qt@5/lib -L/usr/local/opt/libffi/lib CMakeFiles/cmTC_6f516.dir/CheckFunctionExists.c.o -o cmTC_6f516 -L/usr/local/lib -Wl,-rpath,/usr/local/lib  -lICE && :
ld: library not found for -lICE
clang: error: linker command failed with exit code 1 (use -v to see invocation)
ninja: build stopped: subcommand failed.



